2020-09-04 15:12:23,254 ERROR cn.com.sherhom.reno.kafka.common.utils.ZkUtil 37 [main] Occur when zk path is [/brokers/topics/HZYTEST]
2020-09-04 15:12:23,259 ERROR cn.com.sherhom.reno.common.utils.LogUtil 16 [main] cn.com.sherhom.reno.common.exception.RenoException: path[{}] is not existed at zk.
	at cn.com.sherhom.reno.common.utils.Asset.throwException(Asset.java:40)
	at cn.com.sherhom.reno.common.utils.Asset.notNull(Asset.java:15)
	at cn.com.sherhom.reno.kafka.common.utils.ZkUtil.getData(ZkUtils.java:31)
	at cn.com.sherhom.reno.kafka.common.service.KfkOperate.getTopicSimpleInfo(KfkOperate.java:19)
	at cn.com.sherhom.reno.kafka.common.CommonTest.topicSimpleInfoTest(CommonTest.java:15)
	at sun.reflect.NativeMethodAccessorImpl.invoke0(Native Method)
	at sun.reflect.NativeMethodAccessorImpl.invoke(NativeMethodAccessorImpl.java:62)
	at sun.reflect.DelegatingMethodAccessorImpl.invoke(DelegatingMethodAccessorImpl.java:43)
	at java.lang.reflect.Method.invoke(Method.java:498)
	at org.junit.runners.model.FrameworkMethod$1.runReflectiveCall(FrameworkMethod.java:50)
	at org.junit.internal.runners.model.ReflectiveCallable.run(ReflectiveCallable.java:12)
	at org.junit.runners.model.FrameworkMethod.invokeExplosively(FrameworkMethod.java:47)
	at org.junit.internal.runners.statements.InvokeMethod.evaluate(InvokeMethod.java:17)
	at org.junit.runners.ParentRunner.runLeaf(ParentRunner.java:325)
	at org.junit.runners.BlockJUnit4ClassRunner.runChild(BlockJUnit4ClassRunner.java:78)
	at org.junit.runners.BlockJUnit4ClassRunner.runChild(BlockJUnit4ClassRunner.java:57)
	at org.junit.runners.ParentRunner$3.run(ParentRunner.java:290)
	at org.junit.runners.ParentRunner$1.schedule(ParentRunner.java:71)
	at org.junit.runners.ParentRunner.runChildren(ParentRunner.java:288)
	at org.junit.runners.ParentRunner.access$000(ParentRunner.java:58)
	at org.junit.runners.ParentRunner$2.evaluate(ParentRunner.java:268)
	at org.junit.runners.ParentRunner.run(ParentRunner.java:363)
	at org.junit.runner.JUnitCore.run(JUnitCore.java:137)
	at com.intellij.junit4.JUnit4IdeaTestRunner.startRunnerWithArgs(JUnit4IdeaTestRunner.java:68)
	at com.intellij.rt.execution.junit.IdeaTestRunner$Repeater.startRunnerWithArgs(IdeaTestRunner.java:47)
	at com.intellij.rt.execution.junit.JUnitStarter.prepareStreamsAndStart(JUnitStarter.java:242)
	at com.intellij.rt.execution.junit.JUnitStarter.main(JUnitStarter.java:70)

2020-09-04 15:14:36,930 ERROR cn.com.sherhom.reno.kafka.common.utils.ZkUtil 37 [main] Occur when zk path is [/brokers/topics/HZY_TEST]
2020-09-04 15:14:36,933 ERROR cn.com.sherhom.reno.common.utils.LogUtil 16 [main] cn.com.sherhom.reno.common.exception.RenoException: path[/brokers/topics/HZY_TEST] is not existed at zk.
	at cn.com.sherhom.reno.common.utils.Asset.throwException(Asset.java:40)
	at cn.com.sherhom.reno.common.utils.Asset.isNotBlank(Asset.java:23)
	at cn.com.sherhom.reno.kafka.common.utils.ZkUtil.getData(ZkUtils.java:34)
	at cn.com.sherhom.reno.kafka.common.service.KfkOperate.getTopicSimpleInfo(KfkOperate.java:21)
	at cn.com.sherhom.reno.kafka.common.CommonTest.topicSimpleInfoTest(CommonTest.java:15)
	at sun.reflect.NativeMethodAccessorImpl.invoke0(Native Method)
	at sun.reflect.NativeMethodAccessorImpl.invoke(NativeMethodAccessorImpl.java:62)
	at sun.reflect.DelegatingMethodAccessorImpl.invoke(DelegatingMethodAccessorImpl.java:43)
	at java.lang.reflect.Method.invoke(Method.java:498)
	at org.junit.runners.model.FrameworkMethod$1.runReflectiveCall(FrameworkMethod.java:50)
	at org.junit.internal.runners.model.ReflectiveCallable.run(ReflectiveCallable.java:12)
	at org.junit.runners.model.FrameworkMethod.invokeExplosively(FrameworkMethod.java:47)
	at org.junit.internal.runners.statements.InvokeMethod.evaluate(InvokeMethod.java:17)
	at org.junit.runners.ParentRunner.runLeaf(ParentRunner.java:325)
	at org.junit.runners.BlockJUnit4ClassRunner.runChild(BlockJUnit4ClassRunner.java:78)
	at org.junit.runners.BlockJUnit4ClassRunner.runChild(BlockJUnit4ClassRunner.java:57)
	at org.junit.runners.ParentRunner$3.run(ParentRunner.java:290)
	at org.junit.runners.ParentRunner$1.schedule(ParentRunner.java:71)
	at org.junit.runners.ParentRunner.runChildren(ParentRunner.java:288)
	at org.junit.runners.ParentRunner.access$000(ParentRunner.java:58)
	at org.junit.runners.ParentRunner$2.evaluate(ParentRunner.java:268)
	at org.junit.runners.ParentRunner.run(ParentRunner.java:363)
	at org.junit.runner.JUnitCore.run(JUnitCore.java:137)
	at com.intellij.junit4.JUnit4IdeaTestRunner.startRunnerWithArgs(JUnit4IdeaTestRunner.java:68)
	at com.intellij.rt.execution.junit.IdeaTestRunner$Repeater.startRunnerWithArgs(IdeaTestRunner.java:47)
	at com.intellij.rt.execution.junit.JUnitStarter.prepareStreamsAndStart(JUnitStarter.java:242)
	at com.intellij.rt.execution.junit.JUnitStarter.main(JUnitStarter.java:70)

2020-09-04 15:16:21,760 ERROR cn.com.sherhom.reno.kafka.common.utils.ZkUtil 37 [main] Occur when zk path is [/brokers/topics/HZY_TEST]
2020-09-04 15:16:21,767 ERROR cn.com.sherhom.reno.common.utils.LogUtil 16 [main] cn.com.sherhom.reno.common.exception.RenoException: path[/brokers/topics/HZY_TEST] is not existed at zk.
	at cn.com.sherhom.reno.common.utils.Asset.throwException(Asset.java:40)
	at cn.com.sherhom.reno.common.utils.Asset.isNotBlank(Asset.java:23)
	at cn.com.sherhom.reno.kafka.common.utils.ZkUtil.getData(ZkUtils.java:34)
	at cn.com.sherhom.reno.kafka.common.service.KfkOperate.getTopicSimpleInfo(KfkOperate.java:21)
	at cn.com.sherhom.reno.kafka.common.CommonTest.topicSimpleInfoTest(CommonTest.java:15)
	at sun.reflect.NativeMethodAccessorImpl.invoke0(Native Method)
	at sun.reflect.NativeMethodAccessorImpl.invoke(NativeMethodAccessorImpl.java:62)
	at sun.reflect.DelegatingMethodAccessorImpl.invoke(DelegatingMethodAccessorImpl.java:43)
	at java.lang.reflect.Method.invoke(Method.java:498)
	at org.junit.runners.model.FrameworkMethod$1.runReflectiveCall(FrameworkMethod.java:50)
	at org.junit.internal.runners.model.ReflectiveCallable.run(ReflectiveCallable.java:12)
	at org.junit.runners.model.FrameworkMethod.invokeExplosively(FrameworkMethod.java:47)
	at org.junit.internal.runners.statements.InvokeMethod.evaluate(InvokeMethod.java:17)
	at org.junit.runners.ParentRunner.runLeaf(ParentRunner.java:325)
	at org.junit.runners.BlockJUnit4ClassRunner.runChild(BlockJUnit4ClassRunner.java:78)
	at org.junit.runners.BlockJUnit4ClassRunner.runChild(BlockJUnit4ClassRunner.java:57)
	at org.junit.runners.ParentRunner$3.run(ParentRunner.java:290)
	at org.junit.runners.ParentRunner$1.schedule(ParentRunner.java:71)
	at org.junit.runners.ParentRunner.runChildren(ParentRunner.java:288)
	at org.junit.runners.ParentRunner.access$000(ParentRunner.java:58)
	at org.junit.runners.ParentRunner$2.evaluate(ParentRunner.java:268)
	at org.junit.runners.ParentRunner.run(ParentRunner.java:363)
	at org.junit.runner.JUnitCore.run(JUnitCore.java:137)
	at com.intellij.junit4.JUnit4IdeaTestRunner.startRunnerWithArgs(JUnit4IdeaTestRunner.java:68)
	at com.intellij.rt.execution.junit.IdeaTestRunner$Repeater.startRunnerWithArgs(IdeaTestRunner.java:47)
	at com.intellij.rt.execution.junit.JUnitStarter.prepareStreamsAndStart(JUnitStarter.java:242)
	at com.intellij.rt.execution.junit.JUnitStarter.main(JUnitStarter.java:70)

